Using pre-set license
Built from '2020.3/staging' branch; Version is '2020.3.20f1 (41c4e627c95f) revision 4310246'; Using compiler version '192528614'; Build Type 'Release'
OS: 'Windows 10 Pro; OS build 22000.652; Version 2009; 64bit' Language: 'en' Physical Memory: 16122 MB
BatchMode: 1, IsHumanControllingUs: 0, StartBugReporterOnCrash: 0, Is64bit: 1, IsPro: 0

COMMAND LINE ARGUMENTS:
X:\Work\Unity Hub\2020.3.20f1\Editor\Unity.exe
-adb2
-batchMode
-noUpm
-name
AssetImportWorker0
-projectPath
X:/Work/kyberpunk/Projekt_K
-logFile
Logs/AssetImportWorker0.log
-srvPort
61806
Successfully changed project path to: X:/Work/kyberpunk/Projekt_K
X:/Work/kyberpunk/Projekt_K
Using Asset Import Pipeline V2.
Refreshing native plugins compatible for Editor in 33.36 ms, found 3 plugins.
Preloading 0 native plugins for Editor in 0.00 ms.
Initialize engine version: 2020.3.20f1 (41c4e627c95f)
[Subsystems] Discovering subsystems at path X:/Work/Unity Hub/2020.3.20f1/Editor/Data/Resources/UnitySubsystems
[Subsystems] Discovering subsystems at path X:/Work/kyberpunk/Projekt_K/Assets
GfxDevice: creating device client; threaded=0
Direct3D:
    Version:  Direct3D 11.0 [level 11.1]
    Renderer: NVIDIA GeForce RTX 3060 Laptop GPU (ID=0x2520)
    Vendor:   
    VRAM:     6023 MB
    Driver:   30.0.15.1259
Initialize mono
Mono path[0] = 'X:/Work/Unity Hub/2020.3.20f1/Editor/Data/Managed'
Mono path[1] = 'X:/Work/Unity Hub/2020.3.20f1/Editor/Data/MonoBleedingEdge/lib/mono/unityjit'
Mono config path = 'X:/Work/Unity Hub/2020.3.20f1/Editor/Data/MonoBleedingEdge/etc'
Using monoOptions --debugger-agent=transport=dt_socket,embedding=1,server=y,suspend=n,address=127.0.0.1:56264
Begin MonoManager ReloadAssembly
Registering precompiled unity dll's ...
Register platform support module: X:/Work/Unity Hub/2020.3.20f1/Editor/Data/PlaybackEngines/WindowsStandaloneSupport/UnityEditor.WindowsStandalone.Extensions.dll
Registered in 0.000637 seconds.
Native extension for WindowsStandalone target not found
Refreshing native plugins compatible for Editor in 34.15 ms, found 3 plugins.
Preloading 0 native plugins for Editor in 0.00 ms.
Mono: successfully reloaded assembly
- Completed reload, in  0.578 seconds
Domain Reload Profiling:
	ReloadAssembly (579ms)
		BeginReloadAssembly (34ms)
			ExecutionOrderSort (0ms)
			DisableScriptedObjects (0ms)
			BackupInstance (0ms)
			ReleaseScriptingObjects (0ms)
			CreateAndSetChildDomain (1ms)
		EndReloadAssembly (303ms)
			LoadAssemblies (33ms)
			RebuildTransferFunctionScriptingTraits (0ms)
			SetupTypeCache (108ms)
			ReleaseScriptCaches (0ms)
			RebuildScriptCaches (22ms)
			SetupLoadedEditorAssemblies (128ms)
				LogAssemblyErrors (0ms)
				InitializePlatformSupportModulesInManaged (3ms)
				SetLoadedEditorAssemblies (0ms)
				RefreshPlugins (34ms)
				BeforeProcessingInitializeOnLoad (10ms)
				ProcessInitializeOnLoadAttributes (59ms)
				ProcessInitializeOnLoadMethodAttributes (21ms)
				AfterProcessingInitializeOnLoad (0ms)
				EditorAssembliesLoaded (0ms)
			ExecutionOrderSort2 (0ms)
			AwakeInstancesAfterBackupRestoration (0ms)
Platform modules already initialized, skipping
Registering precompiled user dll's ...
Registered in 0.001216 seconds.
Begin MonoManager ReloadAssembly
Native extension for WindowsStandalone target not found
Refreshing native plugins compatible for Editor in 33.85 ms, found 3 plugins.
Preloading 0 native plugins for Editor in 0.00 ms.
Mono: successfully reloaded assembly
- Completed reload, in  0.795 seconds
Domain Reload Profiling:
	ReloadAssembly (796ms)
		BeginReloadAssembly (99ms)
			ExecutionOrderSort (0ms)
			DisableScriptedObjects (3ms)
			BackupInstance (0ms)
			ReleaseScriptingObjects (0ms)
			CreateAndSetChildDomain (16ms)
		EndReloadAssembly (652ms)
			LoadAssemblies (64ms)
			RebuildTransferFunctionScriptingTraits (0ms)
			SetupTypeCache (213ms)
			ReleaseScriptCaches (0ms)
			RebuildScriptCaches (36ms)
			SetupLoadedEditorAssemblies (252ms)
				LogAssemblyErrors (0ms)
				InitializePlatformSupportModulesInManaged (3ms)
				SetLoadedEditorAssemblies (0ms)
				RefreshPlugins (34ms)
				BeforeProcessingInitializeOnLoad (54ms)
				ProcessInitializeOnLoadAttributes (150ms)
				ProcessInitializeOnLoadMethodAttributes (10ms)
				AfterProcessingInitializeOnLoad (1ms)
				EditorAssembliesLoaded (0ms)
			ExecutionOrderSort2 (0ms)
			AwakeInstancesAfterBackupRestoration (5ms)
Platform modules already initialized, skipping
========================================================================
Worker process is ready to serve import requests
Launched and connected shader compiler UnityShaderCompiler.exe after 0.04 seconds
Refreshing native plugins compatible for Editor in 0.59 ms, found 3 plugins.
Preloading 0 native plugins for Editor in 0.00 ms.
Unloading 2114 Unused Serialized files (Serialized files now loaded: 0)
System memory in use before: 108.5 MB.
System memory in use after: 108.6 MB.

Unloading 25 unused Assets to reduce memory usage. Loaded Objects now: 2571.
Total: 2.782100 ms (FindLiveObjects: 0.149700 ms CreateObjectMapping: 0.037700 ms MarkObjects: 2.570000 ms  DeleteObjects: 0.023600 ms)

AssetImportParameters requested are different than current active one (requested -> active):
  custom:framework-win-MediaFoundation: 216162199b28c13a410421893ffa2e32 -> 
  custom:video-decoder-ogg-theora: a1e56fd34408186e4bbccfd4996cb3dc -> 
  custom:container-muxer-webm: aa71ff27fc2769a1b78a27578f13a17b -> 
  custom:container-demuxer-webm: 4f35f7cbe854078d1ac9338744f61a02 -> 
  custom:container-demuxer-ogg: 62fdf1f143b41e24485cea50d1cbac27 -> 
  custom:video-encoder-webm-vp8: eb34c28f22e8b96e1ab97ce403110664 -> 
  custom:video-decoder-webm-vp8: 9c59270c3fd7afecdb556c50c9e8de78 -> 
  custom:audio-decoder-ogg-vorbis: bf7c407c2cedff20999df2af8eb42d56 -> 
  custom:audio-encoder-webm-vorbis: bf7c407c2cedff20999df2af8eb42d56 -> 
========================================================================
Received Import Request.
  path: Assets/Player/Sprites/Jelly 9.png
  artifactKey: Guid(d78e009f5bb799b42bbf3c801af824ac) Importer(815301076,1909f56bfc062723c751e8b465ee728b)
Start importing Assets/Player/Sprites/Jelly 9.png using Guid(d78e009f5bb799b42bbf3c801af824ac) Importer(815301076,1909f56bfc062723c751e8b465ee728b)  -> (artifact id: 'b563c6b505dccb75d7bbcb186a73469d') in 0.102871 seconds 
  Import took 0.106637 seconds .

========================================================================
Received Import Request.
  Time since last request: 0.000225 seconds.
  path: Assets/Player/Sprites/Jelly 5.png
  artifactKey: Guid(b8fd21ad16123364aaee0da8f1b3746b) Importer(815301076,1909f56bfc062723c751e8b465ee728b)
Start importing Assets/Player/Sprites/Jelly 5.png using Guid(b8fd21ad16123364aaee0da8f1b3746b) Importer(815301076,1909f56bfc062723c751e8b465ee728b)  -> (artifact id: 'a0261f824319417941980965c0b45fea') in 0.014779 seconds 
  Import took 0.017749 seconds .

========================================================================
Received Import Request.
  Time since last request: 0.000233 seconds.
  path: Assets/Player/Sprites/Jelly 2.png
  artifactKey: Guid(590b73e132435194da7d40dc8a3816f0) Importer(815301076,1909f56bfc062723c751e8b465ee728b)
Start importing Assets/Player/Sprites/Jelly 2.png using Guid(590b73e132435194da7d40dc8a3816f0) Importer(815301076,1909f56bfc062723c751e8b465ee728b)  -> (artifact id: '7b0603a400bc91cbc43d98f16807ec2d') in 0.009288 seconds 
  Import took 0.013217 seconds .

========================================================================
Received Import Request.
  Time since last request: 0.000267 seconds.
  path: Assets/Player/Sprites/Jelly 7.png
  artifactKey: Guid(6de610ccbbc0a094b804153e2dea43a6) Importer(815301076,1909f56bfc062723c751e8b465ee728b)
Start importing Assets/Player/Sprites/Jelly 7.png using Guid(6de610ccbbc0a094b804153e2dea43a6) Importer(815301076,1909f56bfc062723c751e8b465ee728b)  -> (artifact id: '16fb8995ff307214e8df600c621b4c4f') in 0.012747 seconds 
  Import took 0.016959 seconds .

========================================================================
Received Import Request.
  Time since last request: 0.000222 seconds.
  path: Assets/Player/Sprites/Jelly 3.png
  artifactKey: Guid(ce60f325abe16e1408f2d226e825c21a) Importer(815301076,1909f56bfc062723c751e8b465ee728b)
Start importing Assets/Player/Sprites/Jelly 3.png using Guid(ce60f325abe16e1408f2d226e825c21a) Importer(815301076,1909f56bfc062723c751e8b465ee728b)  -> (artifact id: '4e4f40c5eb15d0e9ac225ee966d4878f') in 0.012429 seconds 
  Import took 0.015081 seconds .

========================================================================
Received Import Request.
  Time since last request: 0.000180 seconds.
  path: Assets/Player/Sprites/Jelly 8.png
  artifactKey: Guid(96481b76a6fa9c6428e4e4b1522e9378) Importer(815301076,1909f56bfc062723c751e8b465ee728b)
Start importing Assets/Player/Sprites/Jelly 8.png using Guid(96481b76a6fa9c6428e4e4b1522e9378) Importer(815301076,1909f56bfc062723c751e8b465ee728b)  -> (artifact id: '7b3af4b7c9b6c6e9243234845cf34ec5') in 0.012236 seconds 
  Import took 0.014889 seconds .

========================================================================
Received Import Request.
  Time since last request: 0.000179 seconds.
  path: Assets/Player/Sprites/Jelly 4.png
  artifactKey: Guid(230db3240b492574094d76e3dbd404a1) Importer(815301076,1909f56bfc062723c751e8b465ee728b)
Start importing Assets/Player/Sprites/Jelly 4.png using Guid(230db3240b492574094d76e3dbd404a1) Importer(815301076,1909f56bfc062723c751e8b465ee728b)  -> (artifact id: '2a2ab2a19dd0b58e32284e766191c659') in 0.011491 seconds 
  Import took 0.014731 seconds .

========================================================================
Received Import Request.
  Time since last request: 0.000251 seconds.
  path: Assets/Player/Sprites/Jelly 6.png
  artifactKey: Guid(2d5d6782fc427ad498ff00ded71060f4) Importer(815301076,1909f56bfc062723c751e8b465ee728b)
Start importing Assets/Player/Sprites/Jelly 6.png using Guid(2d5d6782fc427ad498ff00ded71060f4) Importer(815301076,1909f56bfc062723c751e8b465ee728b)  -> (artifact id: 'ed8c86083d2be70fdeff038fb133eab2') in 0.012733 seconds 
  Import took 0.016202 seconds .

========================================================================
Received Import Request.
  Time since last request: 0.000184 seconds.
  path: Assets/Player/Sprites/Jelly 1.png
  artifactKey: Guid(932ce8ce7b8fd8e4d9fb9bce6a7e0b7d) Importer(815301076,1909f56bfc062723c751e8b465ee728b)
Start importing Assets/Player/Sprites/Jelly 1.png using Guid(932ce8ce7b8fd8e4d9fb9bce6a7e0b7d) Importer(815301076,1909f56bfc062723c751e8b465ee728b)  -> (artifact id: '900638ec176f3a817b454cca61b40f4f') in 0.013365 seconds 
  Import took 0.016406 seconds .

========================================================================
Received Import Request.
  Time since last request: 0.000149 seconds.
  path: Assets/Player/Sprites/Jelly 0.png
  artifactKey: Guid(f4ba7a5e8b25ae241a6c94d4d6df858d) Importer(815301076,1909f56bfc062723c751e8b465ee728b)
Start importing Assets/Player/Sprites/Jelly 0.png using Guid(f4ba7a5e8b25ae241a6c94d4d6df858d) Importer(815301076,1909f56bfc062723c751e8b465ee728b)  -> (artifact id: '65352afea849564886cc86a8656bee9c') in 0.013770 seconds 
  Import took 0.017345 seconds .

========================================================================
Received Import Request.
  Time since last request: 0.000171 seconds.
  path: Assets/Player/Sprites/Jelly 10.png
  artifactKey: Guid(7fd151f4d9de8de47a1d5abe6e506e83) Importer(815301076,1909f56bfc062723c751e8b465ee728b)
Start importing Assets/Player/Sprites/Jelly 10.png using Guid(7fd151f4d9de8de47a1d5abe6e506e83) Importer(815301076,1909f56bfc062723c751e8b465ee728b)  -> (artifact id: 'a9af34ca00dec66a6523dca851e12424') in 0.011791 seconds 
  Import took 0.014843 seconds .

========================================================================
Received Import Request.
  Time since last request: 197.222627 seconds.
  path: Assets/Scenes/Settings.unity
  artifactKey: Guid(fa02a27943d44b343947a8615ac8728d) Importer(815301076,1909f56bfc062723c751e8b465ee728b)
Start importing Assets/Scenes/Settings.unity using Guid(fa02a27943d44b343947a8615ac8728d) Importer(815301076,1909f56bfc062723c751e8b465ee728b)  -> (artifact id: 'f7175cfa7ab2dda76b8d965c76dd4273') in 0.006819 seconds 
  Import took 0.010939 seconds .

AssetImportWorkerClient::OnTransportError - code=2 error=End of file
